<?xml version="1.0" encoding="UTF-8"?>
<testsuite xmlns:xsi="http://www.w3.org/2001/XMLSchema-instance" xsi:noNamespaceSchemaLocation="https://maven.apache.org/surefire/maven-surefire-plugin/xsd/surefire-test-report-3.0.xsd" version="3.0" name="com.nexora.phase4.StoreProductInventoryIntegrationTest" time="9.548" tests="26" errors="0" skipped="0" failures="0">
  <properties>
[...]
</properties>
  <testcase name="ownerCannotCreateProductUnderAnotherOwnersStore" classname="com.nexora.phase4.StoreProductInventoryIntegrationTest" time="0.772">
    <system-out><![CDATA[2026-08-21T17:05:24.072+05:30  INFO 18448 --- [           main] t.c.s.AnnotationConfigContextLoaderUtils : Could not detect default configuration classes for test class [com.nexora.phase4.StoreProductInventoryIntegrationTest]: StoreProductInventoryIntegrationTest does not declare any static, non-private, non-final, nested classes annotated with @Configuration.
2026-08-21T17:05:24.170+05:30  INFO 18448 --- [           main] .b.t.c.SpringBootTestContextBootstrapper : Found @SpringBootConfiguration com.nexora.NexoraApplication for test class com.nexora.phase4.StoreProductInventoryIntegrationTest
Hibernate: select r1_0.id,r1_0.name from roles r1_0 where r1_0.name=?
Hibernate: select r1_0.id,r1_0.name from roles r1_0 where r1_0.name=?
Hibernate: select r1_0.id,r1_0.name from roles r1_0 where r1_0.name=?
Hibernate: insert into users (created_at,email,name,password,phone,status,updated_at,id) values (?,?,?,?,?,?,?,default)
Hibernate: insert into user_roles (user_id,role_id) values (?,?)
Hibernate: insert into users (created_at,email,name,password,phone,status,updated_at,id) values (?,?,?,?,?,?,?,default)
Hibernate: insert into user_roles (user_id,role_id) values (?,?)
Hibernate: insert into users (created_at,email,name,password,phone,status,updated_at,id) values (?,?,?,?,?,?,?,default)
Hibernate: insert into user_roles (user_id,role_id) values (?,?)
Hibernate: insert into users (created_at,email,name,password,phone,status,updated_at,id) values (?,?,?,?,?,?,?,default)
Hibernate: insert into user_roles (user_id,role_id) values (?,?)
Hibernate: insert into stores (closing_time,created_at,description,image_url,name,opening_time,owner_id,status,updated_at,id) values (?,?,?,?,?,?,?,?,?,default)
Hibernate: select u1_0.id,u1_0.created_at,u1_0.email,u1_0.name,u1_0.password,u1_0.phone,u1_0.status,u1_0.updated_at from users u1_0 where u1_0.email=?
Hibernate: select r1_0.user_id,r1_1.id,r1_1.name from user_roles r1_0 join roles r1_1 on r1_1.id=r1_0.role_id where r1_0.user_id=?
Hibernate: select s1_0.id,s1_0.closing_time,s1_0.created_at,s1_0.description,s1_0.image_url,s1_0.name,s1_0.opening_time,s1_0.owner_id,s1_0.status,s1_0.updated_at from stores s1_0 where s1_0.id=?
Hibernate: select p1_0.id,p1_0.available,p1_0.created_at,p1_0.description,p1_0.discount,p1_0.image_url,p1_0.name,p1_0.price,p1_0.store_id,p1_0.updated_at from products p1_0 where p1_0.store_id=?
]]></system-out>
  </testcase>
  <testcase name="adminCanCreateCategory" classname="com.nexora.phase4.StoreProductInventoryIntegrationTest" time="0.436">
    <system-out><![CDATA[Hibernate: select r1_0.id,r1_0.name from roles r1_0 where r1_0.name=?
Hibernate: select r1_0.id,r1_0.name from roles r1_0 where r1_0.name=?
Hibernate: select r1_0.id,r1_0.name from roles r1_0 where r1_0.name=?
Hibernate: insert into users (created_at,email,name,password,phone,status,updated_at,id) values (?,?,?,?,?,?,?,default)
Hibernate: insert into user_roles (user_id,role_id) values (?,?)
Hibernate: insert into users (created_at,email,name,password,phone,status,updated_at,id) values (?,?,?,?,?,?,?,default)
Hibernate: insert into user_roles (user_id,role_id) values (?,?)
Hibernate: insert into users (created_at,email,name,password,phone,status,updated_at,id) values (?,?,?,?,?,?,?,default)
Hibernate: insert into user_roles (user_id,role_id) values (?,?)
Hibernate: insert into users (created_at,email,name,password,phone,status,updated_at,id) values (?,?,?,?,?,?,?,default)
Hibernate: insert into user_roles (user_id,role_id) values (?,?)
Hibernate: select u1_0.id,u1_0.created_at,u1_0.email,u1_0.name,u1_0.password,u1_0.phone,u1_0.status,u1_0.updated_at from users u1_0 where u1_0.email=?
Hibernate: select r1_0.user_id,r1_1.id,r1_1.name from user_roles r1_0 join roles r1_1 on r1_1.id=r1_0.role_id where r1_0.user_id=?
Hibernate: select c1_0.id,c1_0.image_url,c1_0.name from categories c1_0 where c1_0.name=?
Hibernate: insert into categories (image_url,name,id) values (?,?,default)
Hibernate: select c1_0.id,c1_0.image_url,c1_0.name from categories c1_0 where c1_0.name=?
]]></system-out>
  </testcase>
  <testcase name="deletingCategoryInUseReturns409" classname="com.nexora.phase4.StoreProductInventoryIntegrationTest" time="0.422">
    <system-out><![CDATA[Hibernate: select r1_0.id,r1_0.name from roles r1_0 where r1_0.name=?
Hibernate: select r1_0.id,r1_0.name from roles r1_0 where r1_0.name=?
Hibernate: select r1_0.id,r1_0.name from roles r1_0 where r1_0.name=?
Hibernate: insert into users (created_at,email,name,password,phone,status,updated_at,id) values (?,?,?,?,?,?,?,default)
Hibernate: insert into user_roles (user_id,role_id) values (?,?)
Hibernate: insert into users (created_at,email,name,password,phone,status,updated_at,id) values (?,?,?,?,?,?,?,default)
Hibernate: insert into user_roles (user_id,role_id) values (?,?)
Hibernate: insert into users (created_at,email,name,password,phone,status,updated_at,id) values (?,?,?,?,?,?,?,default)
Hibernate: insert into user_roles (user_id,role_id) values (?,?)
Hibernate: insert into users (created_at,email,name,password,phone,status,updated_at,id) values (?,?,?,?,?,?,?,default)
Hibernate: insert into user_roles (user_id,role_id) values (?,?)
Hibernate: insert into categories (image_url,name,id) values (?,?,default)
Hibernate: insert into stores (closing_time,created_at,description,image_url,name,opening_time,owner_id,status,updated_at,id) values (?,?,?,?,?,?,?,?,?,default)
Hibernate: insert into store_categories (store_id,category_id) values (?,?)
Hibernate: select u1_0.id,u1_0.created_at,u1_0.email,u1_0.name,u1_0.password,u1_0.phone,u1_0.status,u1_0.updated_at from users u1_0 where u1_0.email=?
Hibernate: select r1_0.user_id,r1_1.id,r1_1.name from user_roles r1_0 join roles r1_1 on r1_1.id=r1_0.role_id where r1_0.user_id=?
Hibernate: select c1_0.id,c1_0.image_url,c1_0.name from categories c1_0 where c1_0.id=?
Hibernate: select s1_0.id from stores s1_0 left join store_categories c1_0 on s1_0.id=c1_0.store_id where c1_0.category_id=? fetch first ? rows only
Hibernate: select p1_0.id from products p1_0 left join product_categories c1_0 on p1_0.id=c1_0.product_id where c1_0.category_id=? fetch first ? rows only
Hibernate: select c1_0.id,c1_0.image_url,c1_0.name from categories c1_0 where c1_0.id=?
]]></system-out>
  </testcase>
  <testcase name="customerCanBrowseStoreProducts" classname="com.nexora.phase4.StoreProductInventoryIntegrationTest" time="0.483">
    <system-out><![CDATA[Hibernate: select r1_0.id,r1_0.name from roles r1_0 where r1_0.name=?
Hibernate: select r1_0.id,r1_0.name from roles r1_0 where r1_0.name=?
Hibernate: select r1_0.id,r1_0.name from roles r1_0 where r1_0.name=?
Hibernate: insert into users (created_at,email,name,password,phone,status,updated_at,id) values (?,?,?,?,?,?,?,default)
Hibernate: insert into user_roles (user_id,role_id) values (?,?)
Hibernate: insert into users (created_at,email,name,password,phone,status,updated_at,id) values (?,?,?,?,?,?,?,default)
Hibernate: insert into user_roles (user_id,role_id) values (?,?)
Hibernate: insert into users (created_at,email,name,password,phone,status,updated_at,id) values (?,?,?,?,?,?,?,default)
Hibernate: insert into user_roles (user_id,role_id) values (?,?)
Hibernate: insert into users (created_at,email,name,password,phone,status,updated_at,id) values (?,?,?,?,?,?,?,default)
Hibernate: insert into user_roles (user_id,role_id) values (?,?)
Hibernate: insert into stores (closing_time,created_at,description,image_url,name,opening_time,owner_id,status,updated_at,id) values (?,?,?,?,?,?,?,?,?,default)
Hibernate: insert into products (available,created_at,description,discount,image_url,name,price,store_id,updated_at,id) values (?,?,?,?,?,?,?,?,?,default)
Hibernate: insert into inventory (low_stock_threshold,product_id,quantity,updated_at,id) values (?,?,?,?,default)
Hibernate: select u1_0.id,u1_0.created_at,u1_0.email,u1_0.name,u1_0.password,u1_0.phone,u1_0.status,u1_0.updated_at from users u1_0 where u1_0.email=?
Hibernate: select r1_0.user_id,r1_1.id,r1_1.name from user_roles r1_0 join roles r1_1 on r1_1.id=r1_0.role_id where r1_0.user_id=?
Hibernate: select s1_0.id,s1_0.closing_time,s1_0.created_at,s1_0.description,s1_0.image_url,s1_0.name,s1_0.opening_time,s1_0.owner_id,s1_0.status,s1_0.updated_at from stores s1_0 where s1_0.id=?
Hibernate: select p1_0.id,p1_0.available,p1_0.created_at,p1_0.description,p1_0.discount,p1_0.image_url,p1_0.name,p1_0.price,p1_0.store_id,p1_0.updated_at from products p1_0 where p1_0.store_id=? fetch first ? rows only
Hibernate: select c1_0.product_id,c1_1.id,c1_1.image_url,c1_1.name from product_categories c1_0 join categories c1_1 on c1_1.id=c1_0.category_id where c1_0.product_id=?
2026-08-21T17:05:26.301+05:30  WARN 18448 --- [           main] ration$PageModule$WarningLoggingModifier : Serializing PageImpl instances as-is is not supported, meaning that there is no guarantee about the stability of the resulting JSON structure!
	For a stable JSON structure, please use Spring Data's PagedModel (globally via @EnableSpringDataWebSupport(pageSerializationMode = VIA_DTO))
	or Spring HATEOAS and Spring Data's PagedResourcesAssembler as documented in https://docs.spring.io/spring-data/commons/reference/repositories/core-extensions.html#core.web.pageables.

]]></system-out>
  </testcase>
  <testcase name="negativeStockQuantityRejected" classname="com.nexora.phase4.StoreProductInventoryIntegrationTest" time="0.422">
    <system-out><![CDATA[Hibernate: select r1_0.id,r1_0.name from roles r1_0 where r1_0.name=?
Hibernate: select r1_0.id,r1_0.name from roles r1_0 where r1_0.name=?
Hibernate: select r1_0.id,r1_0.name from roles r1_0 where r1_0.name=?
Hibernate: insert into users (created_at,email,name,password,phone,status,updated_at,id) values (?,?,?,?,?,?,?,default)
Hibernate: insert into user_roles (user_id,role_id) values (?,?)
Hibernate: insert into users (created_at,email,name,password,phone,status,updated_at,id) values (?,?,?,?,?,?,?,default)
Hibernate: insert into user_roles (user_id,role_id) values (?,?)
Hibernate: insert into users (created_at,email,name,password,phone,status,updated_at,id) values (?,?,?,?,?,?,?,default)
Hibernate: insert into user_roles (user_id,role_id) values (?,?)
Hibernate: insert into users (created_at,email,name,password,phone,status,updated_at,id) values (?,?,?,?,?,?,?,default)
Hibernate: insert into user_roles (user_id,role_id) values (?,?)
Hibernate: insert into stores (closing_time,created_at,description,image_url,name,opening_time,owner_id,status,updated_at,id) values (?,?,?,?,?,?,?,?,?,default)
Hibernate: insert into products (available,created_at,description,discount,image_url,name,price,store_id,updated_at,id) values (?,?,?,?,?,?,?,?,?,default)
Hibernate: insert into inventory (low_stock_threshold,product_id,quantity,updated_at,id) values (?,?,?,?,default)
Hibernate: select u1_0.id,u1_0.created_at,u1_0.email,u1_0.name,u1_0.password,u1_0.phone,u1_0.status,u1_0.updated_at from users u1_0 where u1_0.email=?
Hibernate: select r1_0.user_id,r1_1.id,r1_1.name from user_roles r1_0 join roles r1_1 on r1_1.id=r1_0.role_id where r1_0.user_id=?
]]></system-out>
  </testcase>
  <testcase name="fetchingUnknownStoreReturns404" classname="com.nexora.phase4.StoreProductInventoryIntegrationTest" time="0.328">
    <system-out><![CDATA[Hibernate: select r1_0.id,r1_0.name from roles r1_0 where r1_0.name=?
Hibernate: select r1_0.id,r1_0.name from roles r1_0 where r1_0.name=?
Hibernate: select r1_0.id,r1_0.name from roles r1_0 where r1_0.name=?
Hibernate: insert into users (created_at,email,name,password,phone,status,updated_at,id) values (?,?,?,?,?,?,?,default)
Hibernate: insert into user_roles (user_id,role_id) values (?,?)
Hibernate: insert into users (created_at,email,name,password,phone,status,updated_at,id) values (?,?,?,?,?,?,?,default)
Hibernate: insert into user_roles (user_id,role_id) values (?,?)
Hibernate: insert into users (created_at,email,name,password,phone,status,updated_at,id) values (?,?,?,?,?,?,?,default)
Hibernate: insert into user_roles (user_id,role_id) values (?,?)
Hibernate: insert into users (created_at,email,name,password,phone,status,updated_at,id) values (?,?,?,?,?,?,?,default)
Hibernate: insert into user_roles (user_id,role_id) values (?,?)
Hibernate: select u1_0.id,u1_0.created_at,u1_0.email,u1_0.name,u1_0.password,u1_0.phone,u1_0.status,u1_0.updated_at from users u1_0 where u1_0.email=?
Hibernate: select r1_0.user_id,r1_1.id,r1_1.name from user_roles r1_0 join roles r1_1 on r1_1.id=r1_0.role_id where r1_0.user_id=?
Hibernate: select s1_0.id,s1_0.closing_time,s1_0.created_at,s1_0.description,s1_0.image_url,s1_0.name,s1_0.opening_time,s1_0.owner_id,s1_0.status,s1_0.updated_at from stores s1_0 where s1_0.id=?
]]></system-out>
  </testcase>
  <testcase name="storeOwnerCanCreateStore" classname="com.nexora.phase4.StoreProductInventoryIntegrationTest" time="0.343">
    <system-out><![CDATA[Hibernate: select r1_0.id,r1_0.name from roles r1_0 where r1_0.name=?
Hibernate: select r1_0.id,r1_0.name from roles r1_0 where r1_0.name=?
Hibernate: select r1_0.id,r1_0.name from roles r1_0 where r1_0.name=?
Hibernate: insert into users (created_at,email,name,password,phone,status,updated_at,id) values (?,?,?,?,?,?,?,default)
Hibernate: insert into user_roles (user_id,role_id) values (?,?)
Hibernate: insert into users (created_at,email,name,password,phone,status,updated_at,id) values (?,?,?,?,?,?,?,default)
Hibernate: insert into user_roles (user_id,role_id) values (?,?)
Hibernate: insert into users (created_at,email,name,password,phone,status,updated_at,id) values (?,?,?,?,?,?,?,default)
Hibernate: insert into user_roles (user_id,role_id) values (?,?)
Hibernate: insert into users (created_at,email,name,password,phone,status,updated_at,id) values (?,?,?,?,?,?,?,default)
Hibernate: insert into user_roles (user_id,role_id) values (?,?)
Hibernate: select u1_0.id,u1_0.created_at,u1_0.email,u1_0.name,u1_0.password,u1_0.phone,u1_0.status,u1_0.updated_at from users u1_0 where u1_0.email=?
Hibernate: select r1_0.user_id,r1_1.id,r1_1.name from user_roles r1_0 join roles r1_1 on r1_1.id=r1_0.role_id where r1_0.user_id=?
Hibernate: insert into stores (closing_time,created_at,description,image_url,name,opening_time,owner_id,status,updated_at,id) values (?,?,?,?,?,?,?,?,?,default)
Hibernate: select s1_0.id,s1_0.closing_time,s1_0.created_at,s1_0.description,s1_0.image_url,s1_0.name,s1_0.opening_time,s1_0.owner_id,s1_0.status,s1_0.updated_at from stores s1_0 where s1_0.id=?
]]></system-out>
  </testcase>
  <testcase name="customerCannotCreateStore" classname="com.nexora.phase4.StoreProductInventoryIntegrationTest" time="0.328">
    <system-out><![CDATA[Hibernate: select r1_0.id,r1_0.name from roles r1_0 where r1_0.name=?
Hibernate: select r1_0.id,r1_0.name from roles r1_0 where r1_0.name=?
Hibernate: select r1_0.id,r1_0.name from roles r1_0 where r1_0.name=?
Hibernate: insert into users (created_at,email,name,password,phone,status,updated_at,id) values (?,?,?,?,?,?,?,default)
Hibernate: insert into user_roles (user_id,role_id) values (?,?)
Hibernate: insert into users (created_at,email,name,password,phone,status,updated_at,id) values (?,?,?,?,?,?,?,default)
Hibernate: insert into user_roles (user_id,role_id) values (?,?)
Hibernate: insert into users (created_at,email,name,password,phone,status,updated_at,id) values (?,?,?,?,?,?,?,default)
Hibernate: insert into user_roles (user_id,role_id) values (?,?)
Hibernate: insert into users (created_at,email,name,password,phone,status,updated_at,id) values (?,?,?,?,?,?,?,default)
Hibernate: insert into user_roles (user_id,role_id) values (?,?)
Hibernate: select u1_0.id,u1_0.created_at,u1_0.email,u1_0.name,u1_0.password,u1_0.phone,u1_0.status,u1_0.updated_at from users u1_0 where u1_0.email=?
Hibernate: select r1_0.user_id,r1_1.id,r1_1.name from user_roles r1_0 join roles r1_1 on r1_1.id=r1_0.role_id where r1_0.user_id=?
]]></system-out>
  </testcase>
  <testcase name="customerCanBrowseStores" classname="com.nexora.phase4.StoreProductInventoryIntegrationTest" time="0.344">
    <system-out><![CDATA[Hibernate: select r1_0.id,r1_0.name from roles r1_0 where r1_0.name=?
Hibernate: select r1_0.id,r1_0.name from roles r1_0 where r1_0.name=?
Hibernate: select r1_0.id,r1_0.name from roles r1_0 where r1_0.name=?
Hibernate: insert into users (created_at,email,name,password,phone,status,updated_at,id) values (?,?,?,?,?,?,?,default)
Hibernate: insert into user_roles (user_id,role_id) values (?,?)
Hibernate: insert into users (created_at,email,name,password,phone,status,updated_at,id) values (?,?,?,?,?,?,?,default)
Hibernate: insert into user_roles (user_id,role_id) values (?,?)
Hibernate: insert into users (created_at,email,name,password,phone,status,updated_at,id) values (?,?,?,?,?,?,?,default)
Hibernate: insert into user_roles (user_id,role_id) values (?,?)
Hibernate: insert into users (created_at,email,name,password,phone,status,updated_at,id) values (?,?,?,?,?,?,?,default)
Hibernate: insert into user_roles (user_id,role_id) values (?,?)
Hibernate: insert into stores (closing_time,created_at,description,image_url,name,opening_time,owner_id,status,updated_at,id) values (?,?,?,?,?,?,?,?,?,default)
Hibernate: select u1_0.id,u1_0.created_at,u1_0.email,u1_0.name,u1_0.password,u1_0.phone,u1_0.status,u1_0.updated_at from users u1_0 where u1_0.email=?
Hibernate: select r1_0.user_id,r1_1.id,r1_1.name from user_roles r1_0 join roles r1_1 on r1_1.id=r1_0.role_id where r1_0.user_id=?
Hibernate: select s1_0.id,s1_0.closing_time,s1_0.created_at,s1_0.description,s1_0.image_url,s1_0.name,s1_0.opening_time,s1_0.owner_id,s1_0.status,s1_0.updated_at from stores s1_0 offset ? rows fetch first ? rows only
Hibernate: select c1_0.store_id,c1_1.id,c1_1.image_url,c1_1.name from store_categories c1_0 join categories c1_1 on c1_1.id=c1_0.category_id where c1_0.store_id=?
Hibernate: select c1_0.store_id,c1_1.id,c1_1.image_url,c1_1.name from store_categories c1_0 join categories c1_1 on c1_1.id=c1_0.category_id where c1_0.store_id=?
Hibernate: select c1_0.store_id,c1_1.id,c1_1.image_url,c1_1.name from store_categories c1_0 join categories c1_1 on c1_1.id=c1_0.category_id where c1_0.store_id=?
Hibernate: select c1_0.store_id,c1_1.id,c1_1.image_url,c1_1.name from store_categories c1_0 join categories c1_1 on c1_1.id=c1_0.category_id where c1_0.store_id=?
Hibernate: select c1_0.store_id,c1_1.id,c1_1.image_url,c1_1.name from store_categories c1_0 join categories c1_1 on c1_1.id=c1_0.category_id where c1_0.store_id=?
Hibernate: select c1_0.store_id,c1_1.id,c1_1.image_url,c1_1.name from store_categories c1_0 join categories c1_1 on c1_1.id=c1_0.category_id where c1_0.store_id=?
]]></system-out>
  </testcase>
  <testcase name="ownerCanUpdateOwnStoreStatus" classname="com.nexora.phase4.StoreProductInventoryIntegrationTest" time="0.356">
    <system-out><![CDATA[Hibernate: select r1_0.id,r1_0.name from roles r1_0 where r1_0.name=?
Hibernate: select r1_0.id,r1_0.name from roles r1_0 where r1_0.name=?
Hibernate: select r1_0.id,r1_0.name from roles r1_0 where r1_0.name=?
Hibernate: insert into users (created_at,email,name,password,phone,status,updated_at,id) values (?,?,?,?,?,?,?,default)
Hibernate: insert into user_roles (user_id,role_id) values (?,?)
Hibernate: insert into users (created_at,email,name,password,phone,status,updated_at,id) values (?,?,?,?,?,?,?,default)
Hibernate: insert into user_roles (user_id,role_id) values (?,?)
Hibernate: insert into users (created_at,email,name,password,phone,status,updated_at,id) values (?,?,?,?,?,?,?,default)
Hibernate: insert into user_roles (user_id,role_id) values (?,?)
Hibernate: insert into users (created_at,email,name,password,phone,status,updated_at,id) values (?,?,?,?,?,?,?,default)
Hibernate: insert into user_roles (user_id,role_id) values (?,?)
Hibernate: insert into stores (closing_time,created_at,description,image_url,name,opening_time,owner_id,status,updated_at,id) values (?,?,?,?,?,?,?,?,?,default)
Hibernate: select u1_0.id,u1_0.created_at,u1_0.email,u1_0.name,u1_0.password,u1_0.phone,u1_0.status,u1_0.updated_at from users u1_0 where u1_0.email=?
Hibernate: select r1_0.user_id,r1_1.id,r1_1.name from user_roles r1_0 join roles r1_1 on r1_1.id=r1_0.role_id where r1_0.user_id=?
Hibernate: select s1_0.id,s1_0.closing_time,s1_0.created_at,s1_0.description,s1_0.image_url,s1_0.name,s1_0.opening_time,s1_0.owner_id,s1_0.status,s1_0.updated_at from stores s1_0 where s1_0.id=?
Hibernate: select c1_0.store_id,c1_1.id,c1_1.image_url,c1_1.name from store_categories c1_0 join categories c1_1 on c1_1.id=c1_0.category_id where c1_0.store_id=?
Hibernate: update stores set closing_time=?,description=?,image_url=?,name=?,opening_time=?,owner_id=?,status=?,updated_at=? where id=?
Hibernate: select s1_0.id,s1_0.closing_time,s1_0.created_at,s1_0.description,s1_0.image_url,s1_0.name,s1_0.opening_time,s1_0.owner_id,s1_0.status,s1_0.updated_at from stores s1_0 where s1_0.id=?
]]></system-out>
  </testcase>
  <testcase name="customerCannotCreateCategory" classname="com.nexora.phase4.StoreProductInventoryIntegrationTest" time="0.312">
    <system-out><![CDATA[Hibernate: select r1_0.id,r1_0.name from roles r1_0 where r1_0.name=?
Hibernate: select r1_0.id,r1_0.name from roles r1_0 where r1_0.name=?
Hibernate: select r1_0.id,r1_0.name from roles r1_0 where r1_0.name=?
Hibernate: insert into users (created_at,email,name,password,phone,status,updated_at,id) values (?,?,?,?,?,?,?,default)
Hibernate: insert into user_roles (user_id,role_id) values (?,?)
Hibernate: insert into users (created_at,email,name,password,phone,status,updated_at,id) values (?,?,?,?,?,?,?,default)
Hibernate: insert into user_roles (user_id,role_id) values (?,?)
Hibernate: insert into users (created_at,email,name,password,phone,status,updated_at,id) values (?,?,?,?,?,?,?,default)
Hibernate: insert into user_roles (user_id,role_id) values (?,?)
Hibernate: insert into users (created_at,email,name,password,phone,status,updated_at,id) values (?,?,?,?,?,?,?,default)
Hibernate: insert into user_roles (user_id,role_id) values (?,?)
Hibernate: select u1_0.id,u1_0.created_at,u1_0.email,u1_0.name,u1_0.password,u1_0.phone,u1_0.status,u1_0.updated_at from users u1_0 where u1_0.email=?
Hibernate: select r1_0.user_id,r1_1.id,r1_1.name from user_roles r1_0 join roles r1_1 on r1_1.id=r1_0.role_id where r1_0.user_id=?
]]></system-out>
  </testcase>
  <testcase name="ownerCanCreateProductUnderOwnStore" classname="com.nexora.phase4.StoreProductInventoryIntegrationTest" time="0.334">
    <system-out><![CDATA[Hibernate: select r1_0.id,r1_0.name from roles r1_0 where r1_0.name=?
Hibernate: select r1_0.id,r1_0.name from roles r1_0 where r1_0.name=?
Hibernate: select r1_0.id,r1_0.name from roles r1_0 where r1_0.name=?
Hibernate: insert into users (created_at,email,name,password,phone,status,updated_at,id) values (?,?,?,?,?,?,?,default)
Hibernate: insert into user_roles (user_id,role_id) values (?,?)
Hibernate: insert into users (created_at,email,name,password,phone,status,updated_at,id) values (?,?,?,?,?,?,?,default)
Hibernate: insert into user_roles (user_id,role_id) values (?,?)
Hibernate: insert into users (created_at,email,name,password,phone,status,updated_at,id) values (?,?,?,?,?,?,?,default)
Hibernate: insert into user_roles (user_id,role_id) values (?,?)
Hibernate: insert into users (created_at,email,name,password,phone,status,updated_at,id) values (?,?,?,?,?,?,?,default)
Hibernate: insert into user_roles (user_id,role_id) values (?,?)
Hibernate: insert into stores (closing_time,created_at,description,image_url,name,opening_time,owner_id,status,updated_at,id) values (?,?,?,?,?,?,?,?,?,default)
Hibernate: select u1_0.id,u1_0.created_at,u1_0.email,u1_0.name,u1_0.password,u1_0.phone,u1_0.status,u1_0.updated_at from users u1_0 where u1_0.email=?
Hibernate: select r1_0.user_id,r1_1.id,r1_1.name from user_roles r1_0 join roles r1_1 on r1_1.id=r1_0.role_id where r1_0.user_id=?
Hibernate: select s1_0.id,s1_0.closing_time,s1_0.created_at,s1_0.description,s1_0.image_url,s1_0.name,s1_0.opening_time,s1_0.owner_id,s1_0.status,s1_0.updated_at from stores s1_0 where s1_0.id=?
Hibernate: insert into products (available,created_at,description,discount,image_url,name,price,store_id,updated_at,id) values (?,?,?,?,?,?,?,?,?,default)
Hibernate: insert into inventory (low_stock_threshold,product_id,quantity,updated_at,id) values (?,?,?,?,default)
Hibernate: select p1_0.id,p1_0.available,p1_0.created_at,p1_0.description,p1_0.discount,p1_0.image_url,p1_0.name,p1_0.price,p1_0.store_id,p1_0.updated_at from products p1_0 where p1_0.id=?
Hibernate: select i1_0.id,i1_0.low_stock_threshold,i1_0.product_id,i1_0.quantity,i1_0.updated_at from inventory i1_0 where i1_0.product_id=?
]]></system-out>
  </testcase>
  <testcase name="ownerCanUpdateOwnStore" classname="com.nexora.phase4.StoreProductInventoryIntegrationTest" time="0.336">
    <system-out><![CDATA[Hibernate: select r1_0.id,r1_0.name from roles r1_0 where r1_0.name=?
Hibernate: select r1_0.id,r1_0.name from roles r1_0 where r1_0.name=?
Hibernate: select r1_0.id,r1_0.name from roles r1_0 where r1_0.name=?
Hibernate: insert into users (created_at,email,name,password,phone,status,updated_at,id) values (?,?,?,?,?,?,?,default)
Hibernate: insert into user_roles (user_id,role_id) values (?,?)
Hibernate: insert into users (created_at,email,name,password,phone,status,updated_at,id) values (?,?,?,?,?,?,?,default)
Hibernate: insert into user_roles (user_id,role_id) values (?,?)
Hibernate: insert into users (created_at,email,name,password,phone,status,updated_at,id) values (?,?,?,?,?,?,?,default)
Hibernate: insert into user_roles (user_id,role_id) values (?,?)
Hibernate: insert into users (created_at,email,name,password,phone,status,updated_at,id) values (?,?,?,?,?,?,?,default)
Hibernate: insert into user_roles (user_id,role_id) values (?,?)
Hibernate: insert into stores (closing_time,created_at,description,image_url,name,opening_time,owner_id,status,updated_at,id) values (?,?,?,?,?,?,?,?,?,default)
Hibernate: select u1_0.id,u1_0.created_at,u1_0.email,u1_0.name,u1_0.password,u1_0.phone,u1_0.status,u1_0.updated_at from users u1_0 where u1_0.email=?
Hibernate: select r1_0.user_id,r1_1.id,r1_1.name from user_roles r1_0 join roles r1_1 on r1_1.id=r1_0.role_id where r1_0.user_id=?
Hibernate: select s1_0.id,s1_0.closing_time,s1_0.created_at,s1_0.description,s1_0.image_url,s1_0.name,s1_0.opening_time,s1_0.owner_id,s1_0.status,s1_0.updated_at from stores s1_0 where s1_0.id=?
Hibernate: update stores set closing_time=?,description=?,image_url=?,name=?,opening_time=?,owner_id=?,status=?,updated_at=? where id=?
Hibernate: delete from store_categories where store_id=?
Hibernate: select s1_0.id,s1_0.closing_time,s1_0.created_at,s1_0.description,s1_0.image_url,s1_0.name,s1_0.opening_time,s1_0.owner_id,s1_0.status,s1_0.updated_at from stores s1_0 where s1_0.id=?
]]></system-out>
  </testcase>
  <testcase name="duplicateCategoryNameReturns409" classname="com.nexora.phase4.StoreProductInventoryIntegrationTest" time="0.313">
    <system-out><![CDATA[Hibernate: select r1_0.id,r1_0.name from roles r1_0 where r1_0.name=?
Hibernate: select r1_0.id,r1_0.name from roles r1_0 where r1_0.name=?
Hibernate: select r1_0.id,r1_0.name from roles r1_0 where r1_0.name=?
Hibernate: insert into users (created_at,email,name,password,phone,status,updated_at,id) values (?,?,?,?,?,?,?,default)
Hibernate: insert into user_roles (user_id,role_id) values (?,?)
Hibernate: insert into users (created_at,email,name,password,phone,status,updated_at,id) values (?,?,?,?,?,?,?,default)
Hibernate: insert into user_roles (user_id,role_id) values (?,?)
Hibernate: insert into users (created_at,email,name,password,phone,status,updated_at,id) values (?,?,?,?,?,?,?,default)
Hibernate: insert into user_roles (user_id,role_id) values (?,?)
Hibernate: insert into users (created_at,email,name,password,phone,status,updated_at,id) values (?,?,?,?,?,?,?,default)
Hibernate: insert into user_roles (user_id,role_id) values (?,?)
Hibernate: select u1_0.id,u1_0.created_at,u1_0.email,u1_0.name,u1_0.password,u1_0.phone,u1_0.status,u1_0.updated_at from users u1_0 where u1_0.email=?
Hibernate: select r1_0.user_id,r1_1.id,r1_1.name from user_roles r1_0 join roles r1_1 on r1_1.id=r1_0.role_id where r1_0.user_id=?
Hibernate: select c1_0.id,c1_0.image_url,c1_0.name from categories c1_0 where c1_0.name=?
Hibernate: insert into categories (image_url,name,id) values (?,?,default)
Hibernate: select u1_0.id,u1_0.created_at,u1_0.email,u1_0.name,u1_0.password,u1_0.phone,u1_0.status,u1_0.updated_at from users u1_0 where u1_0.email=?
Hibernate: select r1_0.user_id,r1_1.id,r1_1.name from user_roles r1_0 join roles r1_1 on r1_1.id=r1_0.role_id where r1_0.user_id=?
Hibernate: select c1_0.id,c1_0.image_url,c1_0.name from categories c1_0 where c1_0.name=?
]]></system-out>
  </testcase>
  <testcase name="customerCannotCreateProduct" classname="com.nexora.phase4.StoreProductInventoryIntegrationTest" time="0.314">
    <system-out><![CDATA[Hibernate: select r1_0.id,r1_0.name from roles r1_0 where r1_0.name=?
Hibernate: select r1_0.id,r1_0.name from roles r1_0 where r1_0.name=?
Hibernate: select r1_0.id,r1_0.name from roles r1_0 where r1_0.name=?
Hibernate: insert into users (created_at,email,name,password,phone,status,updated_at,id) values (?,?,?,?,?,?,?,default)
Hibernate: insert into user_roles (user_id,role_id) values (?,?)
Hibernate: insert into users (created_at,email,name,password,phone,status,updated_at,id) values (?,?,?,?,?,?,?,default)
Hibernate: insert into user_roles (user_id,role_id) values (?,?)
Hibernate: insert into users (created_at,email,name,password,phone,status,updated_at,id) values (?,?,?,?,?,?,?,default)
Hibernate: insert into user_roles (user_id,role_id) values (?,?)
Hibernate: insert into users (created_at,email,name,password,phone,status,updated_at,id) values (?,?,?,?,?,?,?,default)
Hibernate: insert into user_roles (user_id,role_id) values (?,?)
Hibernate: insert into stores (closing_time,created_at,description,image_url,name,opening_time,owner_id,status,updated_at,id) values (?,?,?,?,?,?,?,?,?,default)
Hibernate: select u1_0.id,u1_0.created_at,u1_0.email,u1_0.name,u1_0.password,u1_0.phone,u1_0.status,u1_0.updated_at from users u1_0 where u1_0.email=?
Hibernate: select r1_0.user_id,r1_1.id,r1_1.name from user_roles r1_0 join roles r1_1 on r1_1.id=r1_0.role_id where r1_0.user_id=?
]]></system-out>
  </testcase>
  <testcase name="createCategoryWithoutTokenReturns401" classname="com.nexora.phase4.StoreProductInventoryIntegrationTest" time="0.325">
    <system-out><![CDATA[Hibernate: select r1_0.id,r1_0.name from roles r1_0 where r1_0.name=?
Hibernate: select r1_0.id,r1_0.name from roles r1_0 where r1_0.name=?
Hibernate: select r1_0.id,r1_0.name from roles r1_0 where r1_0.name=?
Hibernate: insert into users (created_at,email,name,password,phone,status,updated_at,id) values (?,?,?,?,?,?,?,default)
Hibernate: insert into user_roles (user_id,role_id) values (?,?)
Hibernate: insert into users (created_at,email,name,password,phone,status,updated_at,id) values (?,?,?,?,?,?,?,default)
Hibernate: insert into user_roles (user_id,role_id) values (?,?)
Hibernate: insert into users (created_at,email,name,password,phone,status,updated_at,id) values (?,?,?,?,?,?,?,default)
Hibernate: insert into user_roles (user_id,role_id) values (?,?)
Hibernate: insert into users (created_at,email,name,password,phone,status,updated_at,id) values (?,?,?,?,?,?,?,default)
Hibernate: insert into user_roles (user_id,role_id) values (?,?)
]]></system-out>
  </testcase>
  <testcase name="customerCanCheckProductAvailability" classname="com.nexora.phase4.StoreProductInventoryIntegrationTest" time="0.344">
    <system-out><![CDATA[Hibernate: select r1_0.id,r1_0.name from roles r1_0 where r1_0.name=?
Hibernate: select r1_0.id,r1_0.name from roles r1_0 where r1_0.name=?
Hibernate: select r1_0.id,r1_0.name from roles r1_0 where r1_0.name=?
Hibernate: insert into users (created_at,email,name,password,phone,status,updated_at,id) values (?,?,?,?,?,?,?,default)
Hibernate: insert into user_roles (user_id,role_id) values (?,?)
Hibernate: insert into users (created_at,email,name,password,phone,status,updated_at,id) values (?,?,?,?,?,?,?,default)
Hibernate: insert into user_roles (user_id,role_id) values (?,?)
Hibernate: insert into users (created_at,email,name,password,phone,status,updated_at,id) values (?,?,?,?,?,?,?,default)
Hibernate: insert into user_roles (user_id,role_id) values (?,?)
Hibernate: insert into users (created_at,email,name,password,phone,status,updated_at,id) values (?,?,?,?,?,?,?,default)
Hibernate: insert into user_roles (user_id,role_id) values (?,?)
Hibernate: insert into stores (closing_time,created_at,description,image_url,name,opening_time,owner_id,status,updated_at,id) values (?,?,?,?,?,?,?,?,?,default)
Hibernate: insert into products (available,created_at,description,discount,image_url,name,price,store_id,updated_at,id) values (?,?,?,?,?,?,?,?,?,default)
Hibernate: insert into inventory (low_stock_threshold,product_id,quantity,updated_at,id) values (?,?,?,?,default)
Hibernate: select u1_0.id,u1_0.created_at,u1_0.email,u1_0.name,u1_0.password,u1_0.phone,u1_0.status,u1_0.updated_at from users u1_0 where u1_0.email=?
Hibernate: select r1_0.user_id,r1_1.id,r1_1.name from user_roles r1_0 join roles r1_1 on r1_1.id=r1_0.role_id where r1_0.user_id=?
Hibernate: select i1_0.id,i1_0.low_stock_threshold,i1_0.product_id,i1_0.quantity,i1_0.updated_at from inventory i1_0 where i1_0.product_id=?
]]></system-out>
  </testcase>
  <testcase name="customerCanListCategories" classname="com.nexora.phase4.StoreProductInventoryIntegrationTest" time="0.314">
    <system-out><![CDATA[Hibernate: select r1_0.id,r1_0.name from roles r1_0 where r1_0.name=?
Hibernate: select r1_0.id,r1_0.name from roles r1_0 where r1_0.name=?
Hibernate: select r1_0.id,r1_0.name from roles r1_0 where r1_0.name=?
Hibernate: insert into users (created_at,email,name,password,phone,status,updated_at,id) values (?,?,?,?,?,?,?,default)
Hibernate: insert into user_roles (user_id,role_id) values (?,?)
Hibernate: insert into users (created_at,email,name,password,phone,status,updated_at,id) values (?,?,?,?,?,?,?,default)
Hibernate: insert into user_roles (user_id,role_id) values (?,?)
Hibernate: insert into users (created_at,email,name,password,phone,status,updated_at,id) values (?,?,?,?,?,?,?,default)
Hibernate: insert into user_roles (user_id,role_id) values (?,?)
Hibernate: insert into users (created_at,email,name,password,phone,status,updated_at,id) values (?,?,?,?,?,?,?,default)
Hibernate: insert into user_roles (user_id,role_id) values (?,?)
Hibernate: select u1_0.id,u1_0.created_at,u1_0.email,u1_0.name,u1_0.password,u1_0.phone,u1_0.status,u1_0.updated_at from users u1_0 where u1_0.email=?
Hibernate: select r1_0.user_id,r1_1.id,r1_1.name from user_roles r1_0 join roles r1_1 on r1_1.id=r1_0.role_id where r1_0.user_id=?
Hibernate: select c1_0.id,c1_0.image_url,c1_0.name from categories c1_0
]]></system-out>
  </testcase>
  <testcase name="createCategoryWithInvalidTokenReturns401" classname="com.nexora.phase4.StoreProductInventoryIntegrationTest" time="0.294">
    <system-out><![CDATA[Hibernate: select r1_0.id,r1_0.name from roles r1_0 where r1_0.name=?
Hibernate: select r1_0.id,r1_0.name from roles r1_0 where r1_0.name=?
Hibernate: select r1_0.id,r1_0.name from roles r1_0 where r1_0.name=?
Hibernate: insert into users (created_at,email,name,password,phone,status,updated_at,id) values (?,?,?,?,?,?,?,default)
Hibernate: insert into user_roles (user_id,role_id) values (?,?)
Hibernate: insert into users (created_at,email,name,password,phone,status,updated_at,id) values (?,?,?,?,?,?,?,default)
Hibernate: insert into user_roles (user_id,role_id) values (?,?)
Hibernate: insert into users (created_at,email,name,password,phone,status,updated_at,id) values (?,?,?,?,?,?,?,default)
Hibernate: insert into user_roles (user_id,role_id) values (?,?)
Hibernate: insert into users (created_at,email,name,password,phone,status,updated_at,id) values (?,?,?,?,?,?,?,default)
Hibernate: insert into user_roles (user_id,role_id) values (?,?)
]]></system-out>
  </testcase>
  <testcase name="ownerCannotUpdateAnotherOwnersStore" classname="com.nexora.phase4.StoreProductInventoryIntegrationTest" time="0.313">
    <system-out><![CDATA[Hibernate: select r1_0.id,r1_0.name from roles r1_0 where r1_0.name=?
Hibernate: select r1_0.id,r1_0.name from roles r1_0 where r1_0.name=?
Hibernate: select r1_0.id,r1_0.name from roles r1_0 where r1_0.name=?
Hibernate: insert into users (created_at,email,name,password,phone,status,updated_at,id) values (?,?,?,?,?,?,?,default)
Hibernate: insert into user_roles (user_id,role_id) values (?,?)
Hibernate: insert into users (created_at,email,name,password,phone,status,updated_at,id) values (?,?,?,?,?,?,?,default)
Hibernate: insert into user_roles (user_id,role_id) values (?,?)
Hibernate: insert into users (created_at,email,name,password,phone,status,updated_at,id) values (?,?,?,?,?,?,?,default)
Hibernate: insert into user_roles (user_id,role_id) values (?,?)
Hibernate: insert into users (created_at,email,name,password,phone,status,updated_at,id) values (?,?,?,?,?,?,?,default)
Hibernate: insert into user_roles (user_id,role_id) values (?,?)
Hibernate: insert into stores (closing_time,created_at,description,image_url,name,opening_time,owner_id,status,updated_at,id) values (?,?,?,?,?,?,?,?,?,default)
Hibernate: select u1_0.id,u1_0.created_at,u1_0.email,u1_0.name,u1_0.password,u1_0.phone,u1_0.status,u1_0.updated_at from users u1_0 where u1_0.email=?
Hibernate: select r1_0.user_id,r1_1.id,r1_1.name from user_roles r1_0 join roles r1_1 on r1_1.id=r1_0.role_id where r1_0.user_id=?
Hibernate: select s1_0.id,s1_0.closing_time,s1_0.created_at,s1_0.description,s1_0.image_url,s1_0.name,s1_0.opening_time,s1_0.owner_id,s1_0.status,s1_0.updated_at from stores s1_0 where s1_0.id=?
Hibernate: select s1_0.id,s1_0.closing_time,s1_0.created_at,s1_0.description,s1_0.image_url,s1_0.name,s1_0.opening_time,s1_0.owner_id,s1_0.status,s1_0.updated_at from stores s1_0 where s1_0.id=?
]]></system-out>
  </testcase>
  <testcase name="ownerCanUpdateOwnProductStock" classname="com.nexora.phase4.StoreProductInventoryIntegrationTest" time="0.328">
    <system-out><![CDATA[Hibernate: select r1_0.id,r1_0.name from roles r1_0 where r1_0.name=?
Hibernate: select r1_0.id,r1_0.name from roles r1_0 where r1_0.name=?
Hibernate: select r1_0.id,r1_0.name from roles r1_0 where r1_0.name=?
Hibernate: insert into users (created_at,email,name,password,phone,status,updated_at,id) values (?,?,?,?,?,?,?,default)
Hibernate: insert into user_roles (user_id,role_id) values (?,?)
Hibernate: insert into users (created_at,email,name,password,phone,status,updated_at,id) values (?,?,?,?,?,?,?,default)
Hibernate: insert into user_roles (user_id,role_id) values (?,?)
Hibernate: insert into users (created_at,email,name,password,phone,status,updated_at,id) values (?,?,?,?,?,?,?,default)
Hibernate: insert into user_roles (user_id,role_id) values (?,?)
Hibernate: insert into users (created_at,email,name,password,phone,status,updated_at,id) values (?,?,?,?,?,?,?,default)
Hibernate: insert into user_roles (user_id,role_id) values (?,?)
Hibernate: insert into stores (closing_time,created_at,description,image_url,name,opening_time,owner_id,status,updated_at,id) values (?,?,?,?,?,?,?,?,?,default)
Hibernate: insert into products (available,created_at,description,discount,image_url,name,price,store_id,updated_at,id) values (?,?,?,?,?,?,?,?,?,default)
Hibernate: insert into inventory (low_stock_threshold,product_id,quantity,updated_at,id) values (?,?,?,?,default)
Hibernate: select u1_0.id,u1_0.created_at,u1_0.email,u1_0.name,u1_0.password,u1_0.phone,u1_0.status,u1_0.updated_at from users u1_0 where u1_0.email=?
Hibernate: select r1_0.user_id,r1_1.id,r1_1.name from user_roles r1_0 join roles r1_1 on r1_1.id=r1_0.role_id where r1_0.user_id=?
Hibernate: select p1_0.id,p1_0.available,p1_0.created_at,p1_0.description,p1_0.discount,p1_0.image_url,p1_0.name,p1_0.price,p1_0.store_id,p1_0.updated_at from products p1_0 where p1_0.id=?
Hibernate: select s1_0.id,s1_0.closing_time,s1_0.created_at,s1_0.description,s1_0.image_url,s1_0.name,s1_0.opening_time,s1_0.owner_id,s1_0.status,s1_0.updated_at from stores s1_0 where s1_0.id=?
Hibernate: select i1_0.id,i1_0.low_stock_threshold,i1_0.product_id,i1_0.quantity,i1_0.updated_at from inventory i1_0 where i1_0.product_id=?
Hibernate: update inventory set low_stock_threshold=?,product_id=?,quantity=?,updated_at=? where id=?
Hibernate: select i1_0.id,i1_0.low_stock_threshold,i1_0.product_id,i1_0.quantity,i1_0.updated_at from inventory i1_0 where i1_0.id=?
]]></system-out>
  </testcase>
  <testcase name="createStoreWithoutTokenReturns401" classname="com.nexora.phase4.StoreProductInventoryIntegrationTest" time="0.294">
    <system-out><![CDATA[Hibernate: select r1_0.id,r1_0.name from roles r1_0 where r1_0.name=?
Hibernate: select r1_0.id,r1_0.name from roles r1_0 where r1_0.name=?
Hibernate: select r1_0.id,r1_0.name from roles r1_0 where r1_0.name=?
Hibernate: insert into users (created_at,email,name,password,phone,status,updated_at,id) values (?,?,?,?,?,?,?,default)
Hibernate: insert into user_roles (user_id,role_id) values (?,?)
Hibernate: insert into users (created_at,email,name,password,phone,status,updated_at,id) values (?,?,?,?,?,?,?,default)
Hibernate: insert into user_roles (user_id,role_id) values (?,?)
Hibernate: insert into users (created_at,email,name,password,phone,status,updated_at,id) values (?,?,?,?,?,?,?,default)
Hibernate: insert into user_roles (user_id,role_id) values (?,?)
Hibernate: insert into users (created_at,email,name,password,phone,status,updated_at,id) values (?,?,?,?,?,?,?,default)
Hibernate: insert into user_roles (user_id,role_id) values (?,?)
]]></system-out>
  </testcase>
  <testcase name="storeOwnerCannotCreateCategory" classname="com.nexora.phase4.StoreProductInventoryIntegrationTest" time="0.297">
    <system-out><![CDATA[Hibernate: select r1_0.id,r1_0.name from roles r1_0 where r1_0.name=?
Hibernate: select r1_0.id,r1_0.name from roles r1_0 where r1_0.name=?
Hibernate: select r1_0.id,r1_0.name from roles r1_0 where r1_0.name=?
Hibernate: insert into users (created_at,email,name,password,phone,status,updated_at,id) values (?,?,?,?,?,?,?,default)
Hibernate: insert into user_roles (user_id,role_id) values (?,?)
Hibernate: insert into users (created_at,email,name,password,phone,status,updated_at,id) values (?,?,?,?,?,?,?,default)
Hibernate: insert into user_roles (user_id,role_id) values (?,?)
Hibernate: insert into users (created_at,email,name,password,phone,status,updated_at,id) values (?,?,?,?,?,?,?,default)
Hibernate: insert into user_roles (user_id,role_id) values (?,?)
Hibernate: insert into users (created_at,email,name,password,phone,status,updated_at,id) values (?,?,?,?,?,?,?,default)
Hibernate: insert into user_roles (user_id,role_id) values (?,?)
Hibernate: select u1_0.id,u1_0.created_at,u1_0.email,u1_0.name,u1_0.password,u1_0.phone,u1_0.status,u1_0.updated_at from users u1_0 where u1_0.email=?
Hibernate: select r1_0.user_id,r1_1.id,r1_1.name from user_roles r1_0 join roles r1_1 on r1_1.id=r1_0.role_id where r1_0.user_id=?
]]></system-out>
  </testcase>
  <testcase name="adminCanUpdateAnyStore" classname="com.nexora.phase4.StoreProductInventoryIntegrationTest" time="0.328">
    <system-out><![CDATA[Hibernate: select r1_0.id,r1_0.name from roles r1_0 where r1_0.name=?
Hibernate: select r1_0.id,r1_0.name from roles r1_0 where r1_0.name=?
Hibernate: select r1_0.id,r1_0.name from roles r1_0 where r1_0.name=?
Hibernate: insert into users (created_at,email,name,password,phone,status,updated_at,id) values (?,?,?,?,?,?,?,default)
Hibernate: insert into user_roles (user_id,role_id) values (?,?)
Hibernate: insert into users (created_at,email,name,password,phone,status,updated_at,id) values (?,?,?,?,?,?,?,default)
Hibernate: insert into user_roles (user_id,role_id) values (?,?)
Hibernate: insert into users (created_at,email,name,password,phone,status,updated_at,id) values (?,?,?,?,?,?,?,default)
Hibernate: insert into user_roles (user_id,role_id) values (?,?)
Hibernate: insert into users (created_at,email,name,password,phone,status,updated_at,id) values (?,?,?,?,?,?,?,default)
Hibernate: insert into user_roles (user_id,role_id) values (?,?)
Hibernate: insert into stores (closing_time,created_at,description,image_url,name,opening_time,owner_id,status,updated_at,id) values (?,?,?,?,?,?,?,?,?,default)
Hibernate: select u1_0.id,u1_0.created_at,u1_0.email,u1_0.name,u1_0.password,u1_0.phone,u1_0.status,u1_0.updated_at from users u1_0 where u1_0.email=?
Hibernate: select r1_0.user_id,r1_1.id,r1_1.name from user_roles r1_0 join roles r1_1 on r1_1.id=r1_0.role_id where r1_0.user_id=?
Hibernate: select s1_0.id,s1_0.closing_time,s1_0.created_at,s1_0.description,s1_0.image_url,s1_0.name,s1_0.opening_time,s1_0.owner_id,s1_0.status,s1_0.updated_at from stores s1_0 where s1_0.id=?
Hibernate: update stores set closing_time=?,description=?,image_url=?,name=?,opening_time=?,owner_id=?,status=?,updated_at=? where id=?
Hibernate: delete from store_categories where store_id=?
]]></system-out>
  </testcase>
  <testcase name="ownerCanDeactivateOwnProduct" classname="com.nexora.phase4.StoreProductInventoryIntegrationTest" time="0.327">
    <system-out><![CDATA[Hibernate: select r1_0.id,r1_0.name from roles r1_0 where r1_0.name=?
Hibernate: select r1_0.id,r1_0.name from roles r1_0 where r1_0.name=?
Hibernate: select r1_0.id,r1_0.name from roles r1_0 where r1_0.name=?
Hibernate: insert into users (created_at,email,name,password,phone,status,updated_at,id) values (?,?,?,?,?,?,?,default)
Hibernate: insert into user_roles (user_id,role_id) values (?,?)
Hibernate: insert into users (created_at,email,name,password,phone,status,updated_at,id) values (?,?,?,?,?,?,?,default)
Hibernate: insert into user_roles (user_id,role_id) values (?,?)
Hibernate: insert into users (created_at,email,name,password,phone,status,updated_at,id) values (?,?,?,?,?,?,?,default)
Hibernate: insert into user_roles (user_id,role_id) values (?,?)
Hibernate: insert into users (created_at,email,name,password,phone,status,updated_at,id) values (?,?,?,?,?,?,?,default)
Hibernate: insert into user_roles (user_id,role_id) values (?,?)
Hibernate: insert into stores (closing_time,created_at,description,image_url,name,opening_time,owner_id,status,updated_at,id) values (?,?,?,?,?,?,?,?,?,default)
Hibernate: insert into products (available,created_at,description,discount,image_url,name,price,store_id,updated_at,id) values (?,?,?,?,?,?,?,?,?,default)
Hibernate: insert into inventory (low_stock_threshold,product_id,quantity,updated_at,id) values (?,?,?,?,default)
Hibernate: select u1_0.id,u1_0.created_at,u1_0.email,u1_0.name,u1_0.password,u1_0.phone,u1_0.status,u1_0.updated_at from users u1_0 where u1_0.email=?
Hibernate: select r1_0.user_id,r1_1.id,r1_1.name from user_roles r1_0 join roles r1_1 on r1_1.id=r1_0.role_id where r1_0.user_id=?
Hibernate: select p1_0.id,p1_0.available,p1_0.created_at,p1_0.description,p1_0.discount,p1_0.image_url,p1_0.name,p1_0.price,p1_0.store_id,p1_0.updated_at from products p1_0 where p1_0.id=?
Hibernate: select s1_0.id,s1_0.closing_time,s1_0.created_at,s1_0.description,s1_0.image_url,s1_0.name,s1_0.opening_time,s1_0.owner_id,s1_0.status,s1_0.updated_at from stores s1_0 where s1_0.id=?
Hibernate: select c1_0.product_id,c1_1.id,c1_1.image_url,c1_1.name from product_categories c1_0 join categories c1_1 on c1_1.id=c1_0.category_id where c1_0.product_id=?
Hibernate: update products set available=?,description=?,discount=?,image_url=?,name=?,price=?,store_id=?,updated_at=? where id=?
Hibernate: select p1_0.id,p1_0.available,p1_0.created_at,p1_0.description,p1_0.discount,p1_0.image_url,p1_0.name,p1_0.price,p1_0.store_id,p1_0.updated_at from products p1_0 where p1_0.id=?
]]></system-out>
  </testcase>
  <testcase name="ownerCannotUpdateAnotherOwnersProductStock" classname="com.nexora.phase4.StoreProductInventoryIntegrationTest" time="0.314">
    <system-out><![CDATA[Hibernate: select r1_0.id,r1_0.name from roles r1_0 where r1_0.name=?
Hibernate: select r1_0.id,r1_0.name from roles r1_0 where r1_0.name=?
Hibernate: select r1_0.id,r1_0.name from roles r1_0 where r1_0.name=?
Hibernate: insert into users (created_at,email,name,password,phone,status,updated_at,id) values (?,?,?,?,?,?,?,default)
Hibernate: insert into user_roles (user_id,role_id) values (?,?)
Hibernate: insert into users (created_at,email,name,password,phone,status,updated_at,id) values (?,?,?,?,?,?,?,default)
Hibernate: insert into user_roles (user_id,role_id) values (?,?)
Hibernate: insert into users (created_at,email,name,password,phone,status,updated_at,id) values (?,?,?,?,?,?,?,default)
Hibernate: insert into user_roles (user_id,role_id) values (?,?)
Hibernate: insert into users (created_at,email,name,password,phone,status,updated_at,id) values (?,?,?,?,?,?,?,default)
Hibernate: insert into user_roles (user_id,role_id) values (?,?)
Hibernate: insert into stores (closing_time,created_at,description,image_url,name,opening_time,owner_id,status,updated_at,id) values (?,?,?,?,?,?,?,?,?,default)
Hibernate: insert into products (available,created_at,description,discount,image_url,name,price,store_id,updated_at,id) values (?,?,?,?,?,?,?,?,?,default)
Hibernate: insert into inventory (low_stock_threshold,product_id,quantity,updated_at,id) values (?,?,?,?,default)
Hibernate: select u1_0.id,u1_0.created_at,u1_0.email,u1_0.name,u1_0.password,u1_0.phone,u1_0.status,u1_0.updated_at from users u1_0 where u1_0.email=?
Hibernate: select r1_0.user_id,r1_1.id,r1_1.name from user_roles r1_0 join roles r1_1 on r1_1.id=r1_0.role_id where r1_0.user_id=?
Hibernate: select p1_0.id,p1_0.available,p1_0.created_at,p1_0.description,p1_0.discount,p1_0.image_url,p1_0.name,p1_0.price,p1_0.store_id,p1_0.updated_at from products p1_0 where p1_0.id=?
Hibernate: select s1_0.id,s1_0.closing_time,s1_0.created_at,s1_0.description,s1_0.image_url,s1_0.name,s1_0.opening_time,s1_0.owner_id,s1_0.status,s1_0.updated_at from stores s1_0 where s1_0.id=?
Hibernate: select i1_0.id,i1_0.low_stock_threshold,i1_0.product_id,i1_0.quantity,i1_0.updated_at from inventory i1_0 where i1_0.product_id=?
]]></system-out>
  </testcase>
</testsuite>