<?xml version="1.0" encoding="UTF-8"?>
<testsuite xmlns:xsi="http://www.w3.org/2001/XMLSchema-instance" xsi:noNamespaceSchemaLocation="https://maven.apache.org/surefire/maven-surefire-plugin/xsd/surefire-test-report-3.0.xsd" version="3.0" name="com.nexora.phase2.RelationshipRepositoryTest" time="7.382" tests="6" errors="0" skipped="0" failures="0">
  <properties>
[...]
</properties>
  <testcase name="userCanHaveMultipleAddresses" classname="com.nexora.phase2.RelationshipRepositoryTest" time="1.565">
    <system-out><![CDATA[17:05:11.807 [main] INFO org.springframework.test.context.support.AnnotationConfigContextLoaderUtils -- Could not detect default configuration classes for test class [com.nexora.phase2.RelationshipRepositoryTest]: RelationshipRepositoryTest does not declare any static, non-private, non-final, nested classes annotated with @Configuration.
17:05:11.979 [main] INFO org.springframework.boot.test.context.SpringBootTestContextBootstrapper -- Found @SpringBootConfiguration com.nexora.NexoraApplication for test class com.nexora.phase2.RelationshipRepositoryTest

  .   ____          _            __ _ _
 /\\ / ___'_ __ _ _(_)_ __  __ _ \ \ \ \
( ( )\___ | '_ | '_| | '_ \/ _` | \ \ \ \
 \\/  ___)| |_)| | | | | || (_| |  ) ) ) )
  '  |____| .__|_| |_|_| |_\__, | / / / /
 =========|_|==============|___/=/_/_/_/

 :: Spring Boot ::                (v3.3.4)

2026-08-21T17:05:12.529+05:30  INFO 18448 --- [           main] c.n.phase2.RelationshipRepositoryTest    : Starting RelationshipRepositoryTest using Java 21.0.11 with PID 18448 (started by hp in E:\Nexora\phases\nexora7)
2026-08-21T17:05:12.529+05:30  INFO 18448 --- [           main] c.n.phase2.RelationshipRepositoryTest    : No active profile set, falling back to 1 default profile: "default"
2026-08-21T17:05:13.270+05:30  INFO 18448 --- [           main] .s.d.r.c.RepositoryConfigurationDelegate : Bootstrapping Spring Data JPA repositories in DEFAULT mode.
2026-08-21T17:05:13.399+05:30  INFO 18448 --- [           main] .s.d.r.c.RepositoryConfigurationDelegate : Finished Spring Data repository scanning in 109 ms. Found 9 JPA repository interfaces.
2026-08-21T17:05:13.461+05:30  INFO 18448 --- [           main] beddedDataSourceBeanFactoryPostProcessor : Replacing 'dataSource' DataSource bean with embedded version
2026-08-21T17:05:13.696+05:30  INFO 18448 --- [           main] o.s.j.d.e.EmbeddedDatabaseFactory        : Starting embedded database: url='jdbc:h2:mem:fb341e61-0d1c-4fa8-a501-0572fdf55224;DB_CLOSE_DELAY=-1;DB_CLOSE_ON_EXIT=false', username='sa'
2026-08-21T17:05:14.024+05:30  INFO 18448 --- [           main] o.hibernate.jpa.internal.util.LogHelper  : HHH000204: Processing PersistenceUnitInfo [name: default]
2026-08-21T17:05:14.102+05:30  INFO 18448 --- [           main] org.hibernate.Version                    : HHH000412: Hibernate ORM core version 6.5.3.Final
2026-08-21T17:05:14.134+05:30  INFO 18448 --- [           main] o.h.c.internal.RegionFactoryInitiator    : HHH000026: Second-level cache disabled
2026-08-21T17:05:14.491+05:30  INFO 18448 --- [           main] o.s.o.j.p.SpringPersistenceUnitInfo      : No LoadTimeWeaver setup: ignoring JPA class transformer
2026-08-21T17:05:14.554+05:30  WARN 18448 --- [           main] org.hibernate.orm.deprecation            : HHH90000025: H2Dialect does not need to be specified explicitly using 'hibernate.dialect' (remove the property setting and it will be selected by default)
2026-08-21T17:05:15.817+05:30  INFO 18448 --- [           main] o.h.e.t.j.p.i.JtaPlatformInitiator       : HHH000489: No JTA platform available (set 'hibernate.transaction.jta.platform' to enable JTA platform integration)
Hibernate: drop table if exists addresses cascade 
Hibernate: drop table if exists cart_items cascade 
Hibernate: drop table if exists carts cascade 
Hibernate: drop table if exists categories cascade 
Hibernate: drop table if exists inventory cascade 
Hibernate: drop table if exists product_categories cascade 
Hibernate: drop table if exists products cascade 
Hibernate: drop table if exists roles cascade 
Hibernate: drop table if exists store_categories cascade 
Hibernate: drop table if exists stores cascade 
Hibernate: drop table if exists user_roles cascade 
Hibernate: drop table if exists users cascade 
Hibernate: create table addresses (is_default boolean not null, latitude float(53), longitude float(53), created_at timestamp(6) not null, id bigint generated by default as identity, updated_at timestamp(6) not null, user_id bigint not null, pincode varchar(10) not null, label varchar(30), city varchar(100) not null, country varchar(100) not null, state varchar(100) not null, address_line1 varchar(255) not null, address_line2 varchar(255), primary key (id))
Hibernate: create table cart_items (quantity integer not null, cart_id bigint not null, created_at timestamp(6) not null, id bigint generated by default as identity, product_id bigint not null, updated_at timestamp(6) not null, primary key (id), constraint uk_cart_items_cart_product unique (cart_id, product_id))
Hibernate: create table carts (created_at timestamp(6) not null, id bigint generated by default as identity, updated_at timestamp(6) not null, user_id bigint not null unique, primary key (id))
Hibernate: create table categories (id bigint generated by default as identity, name varchar(100) not null unique, image_url varchar(255), primary key (id))
Hibernate: create table inventory (low_stock_threshold integer not null, quantity integer not null, id bigint generated by default as identity, product_id bigint not null unique, updated_at timestamp(6) not null, primary key (id))
Hibernate: create table product_categories (category_id bigint not null, product_id bigint not null, primary key (category_id, product_id))
Hibernate: create table products (available boolean not null, discount numeric(5,2), price numeric(10,2) not null, created_at timestamp(6) not null, id bigint generated by default as identity, store_id bigint not null, updated_at timestamp(6) not null, name varchar(150) not null, description varchar(1000), image_url varchar(255), primary key (id))
Hibernate: create table roles (id bigint generated by default as identity, name enum ('ADMIN','CUSTOMER','DELIVERY_PARTNER','STORE_OWNER') not null unique, primary key (id))
Hibernate: create table store_categories (category_id bigint not null, store_id bigint not null, primary key (category_id, store_id))
Hibernate: create table stores (closing_time time(6), opening_time time(6), created_at timestamp(6) not null, id bigint generated by default as identity, owner_id bigint not null, updated_at timestamp(6) not null, name varchar(150) not null, description varchar(1000), image_url varchar(255), status enum ('CLOSED','OPEN','SUSPENDED') not null, primary key (id))
Hibernate: create table user_roles (role_id bigint not null, user_id bigint not null, primary key (role_id, user_id))
Hibernate: create table users (created_at timestamp(6) not null, id bigint generated by default as identity, updated_at timestamp(6) not null, phone varchar(20), status varchar(20) not null, name varchar(100) not null, email varchar(150) not null unique, password varchar(255) not null, primary key (id))
Hibernate: create index idx_addresses_user_id on addresses (user_id)
Hibernate: create index idx_cart_items_cart_id on cart_items (cart_id)
Hibernate: create index idx_products_store_id on products (store_id)
Hibernate: create index idx_stores_owner_id on stores (owner_id)
Hibernate: alter table if exists addresses add constraint FK1fa36y2oqhao3wgg2rw1pi459 foreign key (user_id) references users
Hibernate: alter table if exists cart_items add constraint FKpcttvuq4mxppo8sxggjtn5i2c foreign key (cart_id) references carts
Hibernate: alter table if exists cart_items add constraint FK1re40cjegsfvw58xrkdp6bac6 foreign key (product_id) references products
Hibernate: alter table if exists carts add constraint FKb5o626f86h46m4s7ms6ginnop foreign key (user_id) references users
Hibernate: alter table if exists inventory add constraint FKq2yge7ebtfuvwufr6lwfwqy9l foreign key (product_id) references products
Hibernate: alter table if exists product_categories add constraint FKd112rx0alycddsms029iifrih foreign key (category_id) references categories
Hibernate: alter table if exists product_categories add constraint FKlda9rad6s180ha3dl1ncsp8n7 foreign key (product_id) references products
Hibernate: alter table if exists products add constraint FKgcyffheofvmy2x5l78xam63mc foreign key (store_id) references stores
Hibernate: alter table if exists store_categories add constraint FKjbjnfxkawvr0gb7bs9vltkf08 foreign key (category_id) references categories
Hibernate: alter table if exists store_categories add constraint FKlbd5qfh13gjr15dv3o2lokssk foreign key (store_id) references stores
Hibernate: alter table if exists stores add constraint FK62smc31fbgclsu56aa4y2hrxg foreign key (owner_id) references users
Hibernate: alter table if exists user_roles add constraint FKh8ciramu9cc9q3qcqiv4ue8a6 foreign key (role_id) references roles
Hibernate: alter table if exists user_roles add constraint FKhfh9dx7w3ubf1co1vdev94g3f foreign key (user_id) references users
2026-08-21T17:05:15.911+05:30  INFO 18448 --- [           main] j.LocalContainerEntityManagerFactoryBean : Initialized JPA EntityManagerFactory for persistence unit 'default'
2026-08-21T17:05:16.426+05:30  INFO 18448 --- [           main] o.s.d.j.r.query.QueryEnhancerFactory     : Hibernate is in classpath; If applicable, HQL parser will be used.
2026-08-21T17:05:17.261+05:30  INFO 18448 --- [           main] c.n.phase2.RelationshipRepositoryTest    : Started RelationshipRepositoryTest in 5.156 seconds (process running for 6.61)
Hibernate: insert into users (created_at,email,name,password,phone,status,updated_at,id) values (?,?,?,?,?,?,?,default)
Hibernate: insert into addresses (address_line1,address_line2,city,country,created_at,is_default,label,latitude,longitude,pincode,state,updated_at,user_id,id) values (?,?,?,?,?,?,?,?,?,?,?,?,?,default)
Hibernate: insert into addresses (address_line1,address_line2,city,country,created_at,is_default,label,latitude,longitude,pincode,state,updated_at,user_id,id) values (?,?,?,?,?,?,?,?,?,?,?,?,?,default)
Hibernate: select a1_0.id,a1_0.address_line1,a1_0.address_line2,a1_0.city,a1_0.country,a1_0.created_at,a1_0.is_default,a1_0.label,a1_0.latitude,a1_0.longitude,a1_0.pincode,a1_0.state,a1_0.updated_at,a1_0.user_id from addresses a1_0 where a1_0.user_id=?
]]></system-out>
    <system-err><![CDATA[WARNING: A Java agent has been loaded dynamically (C:\Users\hp\.m2\repository\net\bytebuddy\byte-buddy-agent\1.14.19\byte-buddy-agent-1.14.19.jar)
WARNING: If a serviceability tool is in use, please run with -XX:+EnableDynamicAgentLoading to hide this warning
WARNING: If a serviceability tool is not in use, please run with -Djdk.instrument.traceUsage for more information
WARNING: Dynamic loading of agents will be disallowed by default in a future release
]]></system-err>
  </testcase>
  <testcase name="productBelongsToStoreAndHasCategories" classname="com.nexora.phase2.RelationshipRepositoryTest" time="0.063">
    <system-out><![CDATA[Hibernate: insert into users (created_at,email,name,password,phone,status,updated_at,id) values (?,?,?,?,?,?,?,default)
Hibernate: insert into stores (closing_time,created_at,description,image_url,name,opening_time,owner_id,status,updated_at,id) values (?,?,?,?,?,?,?,?,?,default)
Hibernate: insert into categories (image_url,name,id) values (?,?,default)
Hibernate: insert into products (available,created_at,description,discount,image_url,name,price,store_id,updated_at,id) values (?,?,?,?,?,?,?,?,?,default)
Hibernate: select p1_0.id,p1_0.available,p1_0.created_at,p1_0.description,p1_0.discount,p1_0.image_url,p1_0.name,p1_0.price,p1_0.store_id,p1_0.updated_at from products p1_0 where p1_0.store_id=?
]]></system-out>
  </testcase>
  <testcase name="storeHasOwnerAndCategories" classname="com.nexora.phase2.RelationshipRepositoryTest" time="0.015">
    <system-out><![CDATA[Hibernate: insert into users (created_at,email,name,password,phone,status,updated_at,id) values (?,?,?,?,?,?,?,default)
Hibernate: insert into categories (image_url,name,id) values (?,?,default)
Hibernate: insert into categories (image_url,name,id) values (?,?,default)
Hibernate: insert into stores (closing_time,created_at,description,image_url,name,opening_time,owner_id,status,updated_at,id) values (?,?,?,?,?,?,?,?,?,default)
Hibernate: select s1_0.id,s1_0.closing_time,s1_0.created_at,s1_0.description,s1_0.image_url,s1_0.name,s1_0.opening_time,s1_0.owner_id,s1_0.status,s1_0.updated_at from stores s1_0 where s1_0.owner_id=?
]]></system-out>
  </testcase>
  <testcase name="userCanHaveMultipleRoles" classname="com.nexora.phase2.RelationshipRepositoryTest" time="0.016">
    <system-out><![CDATA[Hibernate: insert into roles (name,id) values (?,default)
Hibernate: insert into roles (name,id) values (?,default)
Hibernate: insert into users (created_at,email,name,password,phone,status,updated_at,id) values (?,?,?,?,?,?,?,default)
]]></system-out>
  </testcase>
  <testcase name="productHasExactlyOneInventoryRecord" classname="com.nexora.phase2.RelationshipRepositoryTest" time="0.031">
    <system-out><![CDATA[Hibernate: insert into users (created_at,email,name,password,phone,status,updated_at,id) values (?,?,?,?,?,?,?,default)
Hibernate: insert into stores (closing_time,created_at,description,image_url,name,opening_time,owner_id,status,updated_at,id) values (?,?,?,?,?,?,?,?,?,default)
Hibernate: insert into products (available,created_at,description,discount,image_url,name,price,store_id,updated_at,id) values (?,?,?,?,?,?,?,?,?,default)
Hibernate: insert into inventory (low_stock_threshold,product_id,quantity,updated_at,id) values (?,?,?,?,default)
Hibernate: select i1_0.id,i1_0.low_stock_threshold,i1_0.product_id,i1_0.quantity,i1_0.updated_at from inventory i1_0 where i1_0.product_id=?
]]></system-out>
  </testcase>
  <testcase name="categoryNameMustBeUnique" classname="com.nexora.phase2.RelationshipRepositoryTest" time="0.016">
    <system-out><![CDATA[Hibernate: insert into categories (image_url,name,id) values (?,?,default)
Hibernate: select c1_0.id,c1_0.image_url,c1_0.name from categories c1_0 where c1_0.name=?
]]></system-out>
  </testcase>
</testsuite>