<?xml version="1.0" encoding="UTF-8"?>
<testsuite xmlns:xsi="http://www.w3.org/2001/XMLSchema-instance" xsi:noNamespaceSchemaLocation="https://maven.apache.org/surefire/maven-surefire-plugin/xsd/surefire-test-report-3.0.xsd" version="3.0" name="com.nexora.phase3.AuthControllerIntegrationTest" time="4.397" tests="7" errors="0" skipped="0" failures="0">
  <properties>
[...]
</properties>
  <testcase name="loginWithWrongPasswordShouldFail" classname="com.nexora.phase3.AuthControllerIntegrationTest" time="0.602">
    <system-out><![CDATA[2026-08-21T17:05:19.001+05:30  INFO 18448 --- [           main] t.c.s.AnnotationConfigContextLoaderUtils : Could not detect default configuration classes for test class [com.nexora.phase3.AuthControllerIntegrationTest]: AuthControllerIntegrationTest does not declare any static, non-private, non-final, nested classes annotated with @Configuration.
2026-08-21T17:05:19.048+05:30  INFO 18448 --- [           main] .b.t.c.SpringBootTestContextBootstrapper : Found @SpringBootConfiguration com.nexora.NexoraApplication for test class com.nexora.phase3.AuthControllerIntegrationTest

  .   ____          _            __ _ _
 /\\ / ___'_ __ _ _(_)_ __  __ _ \ \ \ \
( ( )\___ | '_ | '_| | '_ \/ _` | \ \ \ \
 \\/  ___)| |_)| | | | | || (_| |  ) ) ) )
  '  |____| .__|_| |_|_| |_\__, | / / / /
 =========|_|==============|___/=/_/_/_/

 :: Spring Boot ::                (v3.3.4)

2026-08-21T17:05:19.127+05:30  INFO 18448 --- [           main] c.n.p.AuthControllerIntegrationTest      : Starting AuthControllerIntegrationTest using Java 21.0.11 with PID 18448 (started by hp in E:\Nexora\phases\nexora7)
2026-08-21T17:05:19.127+05:30  INFO 18448 --- [           main] c.n.p.AuthControllerIntegrationTest      : No active profile set, falling back to 1 default profile: "default"
2026-08-21T17:05:19.686+05:30  INFO 18448 --- [           main] .s.d.r.c.RepositoryConfigurationDelegate : Bootstrapping Spring Data JPA repositories in DEFAULT mode.
2026-08-21T17:05:19.749+05:30  INFO 18448 --- [           main] .s.d.r.c.RepositoryConfigurationDelegate : Finished Spring Data repository scanning in 66 ms. Found 9 JPA repository interfaces.
2026-08-21T17:05:20.140+05:30  INFO 18448 --- [           main] o.hibernate.jpa.internal.util.LogHelper  : HHH000204: Processing PersistenceUnitInfo [name: default]
2026-08-21T17:05:20.140+05:30  INFO 18448 --- [           main] o.h.c.internal.RegionFactoryInitiator    : HHH000026: Second-level cache disabled
2026-08-21T17:05:20.159+05:30  INFO 18448 --- [           main] o.s.o.j.p.SpringPersistenceUnitInfo      : No LoadTimeWeaver setup: ignoring JPA class transformer
2026-08-21T17:05:20.159+05:30  INFO 18448 --- [           main] com.zaxxer.hikari.HikariDataSource       : HikariPool-1 - Starting...
2026-08-21T17:05:20.193+05:30  INFO 18448 --- [           main] com.zaxxer.hikari.pool.HikariPool        : HikariPool-1 - Added connection conn10: url=jdbc:h2:mem:nexora_test user=SA
2026-08-21T17:05:20.193+05:30  INFO 18448 --- [           main] com.zaxxer.hikari.HikariDataSource       : HikariPool-1 - Start completed.
2026-08-21T17:05:20.193+05:30  WARN 18448 --- [           main] org.hibernate.orm.deprecation            : HHH90000025: H2Dialect does not need to be specified explicitly using 'hibernate.dialect' (remove the property setting and it will be selected by default)
2026-08-21T17:05:20.452+05:30  INFO 18448 --- [           main] o.h.e.t.j.p.i.JtaPlatformInitiator       : HHH000489: No JTA platform available (set 'hibernate.transaction.jta.platform' to enable JTA platform integration)
Hibernate: drop table if exists addresses cascade 
Hibernate: drop table if exists cart_items cascade 
Hibernate: drop table if exists carts cascade 
Hibernate: drop table if exists categories cascade 
Hibernate: drop table if exists inventory cascade 
Hibernate: drop table if exists product_categories cascade 
Hibernate: drop table if exists products cascade 
Hibernate: drop table if exists roles cascade 
Hibernate: drop table if exists store_categories cascade 
Hibernate: drop table if exists stores cascade 
Hibernate: drop table if exists user_roles cascade 
Hibernate: drop table if exists users cascade 
Hibernate: create table addresses (is_default boolean not null, latitude float(53), longitude float(53), created_at timestamp(6) not null, id bigint generated by default as identity, updated_at timestamp(6) not null, user_id bigint not null, pincode varchar(10) not null, label varchar(30), city varchar(100) not null, country varchar(100) not null, state varchar(100) not null, address_line1 varchar(255) not null, address_line2 varchar(255), primary key (id))
Hibernate: create table cart_items (quantity integer not null, cart_id bigint not null, created_at timestamp(6) not null, id bigint generated by default as identity, product_id bigint not null, updated_at timestamp(6) not null, primary key (id), constraint uk_cart_items_cart_product unique (cart_id, product_id))
Hibernate: create table carts (created_at timestamp(6) not null, id bigint generated by default as identity, updated_at timestamp(6) not null, user_id bigint not null unique, primary key (id))
Hibernate: create table categories (id bigint generated by default as identity, name varchar(100) not null unique, image_url varchar(255), primary key (id))
Hibernate: create table inventory (low_stock_threshold integer not null, quantity integer not null, id bigint generated by default as identity, product_id bigint not null unique, updated_at timestamp(6) not null, primary key (id))
Hibernate: create table product_categories (category_id bigint not null, product_id bigint not null, primary key (category_id, product_id))
Hibernate: create table products (available boolean not null, discount numeric(5,2), price numeric(10,2) not null, created_at timestamp(6) not null, id bigint generated by default as identity, store_id bigint not null, updated_at timestamp(6) not null, name varchar(150) not null, description varchar(1000), image_url varchar(255), primary key (id))
Hibernate: create table roles (id bigint generated by default as identity, name enum ('ADMIN','CUSTOMER','DELIVERY_PARTNER','STORE_OWNER') not null unique, primary key (id))
Hibernate: create table store_categories (category_id bigint not null, store_id bigint not null, primary key (category_id, store_id))
Hibernate: create table stores (closing_time time(6), opening_time time(6), created_at timestamp(6) not null, id bigint generated by default as identity, owner_id bigint not null, updated_at timestamp(6) not null, name varchar(150) not null, description varchar(1000), image_url varchar(255), status enum ('CLOSED','OPEN','SUSPENDED') not null, primary key (id))
Hibernate: create table user_roles (role_id bigint not null, user_id bigint not null, primary key (role_id, user_id))
Hibernate: create table users (created_at timestamp(6) not null, id bigint generated by default as identity, updated_at timestamp(6) not null, phone varchar(20), status varchar(20) not null, name varchar(100) not null, email varchar(150) not null unique, password varchar(255) not null, primary key (id))
Hibernate: create index idx_addresses_user_id on addresses (user_id)
Hibernate: create index idx_cart_items_cart_id on cart_items (cart_id)
Hibernate: create index idx_products_store_id on products (store_id)
Hibernate: create index idx_stores_owner_id on stores (owner_id)
Hibernate: alter table if exists addresses add constraint FK1fa36y2oqhao3wgg2rw1pi459 foreign key (user_id) references users
Hibernate: alter table if exists cart_items add constraint FKpcttvuq4mxppo8sxggjtn5i2c foreign key (cart_id) references carts
Hibernate: alter table if exists cart_items add constraint FK1re40cjegsfvw58xrkdp6bac6 foreign key (product_id) references products
Hibernate: alter table if exists carts add constraint FKb5o626f86h46m4s7ms6ginnop foreign key (user_id) references users
Hibernate: alter table if exists inventory add constraint FKq2yge7ebtfuvwufr6lwfwqy9l foreign key (product_id) references products
Hibernate: alter table if exists product_categories add constraint FKd112rx0alycddsms029iifrih foreign key (category_id) references categories
Hibernate: alter table if exists product_categories add constraint FKlda9rad6s180ha3dl1ncsp8n7 foreign key (product_id) references products
Hibernate: alter table if exists products add constraint FKgcyffheofvmy2x5l78xam63mc foreign key (store_id) references stores
Hibernate: alter table if exists store_categories add constraint FKjbjnfxkawvr0gb7bs9vltkf08 foreign key (category_id) references categories
Hibernate: alter table if exists store_categories add constraint FKlbd5qfh13gjr15dv3o2lokssk foreign key (store_id) references stores
Hibernate: alter table if exists stores add constraint FK62smc31fbgclsu56aa4y2hrxg foreign key (owner_id) references users
Hibernate: alter table if exists user_roles add constraint FKh8ciramu9cc9q3qcqiv4ue8a6 foreign key (role_id) references roles
Hibernate: alter table if exists user_roles add constraint FKhfh9dx7w3ubf1co1vdev94g3f foreign key (user_id) references users
2026-08-21T17:05:20.499+05:30  INFO 18448 --- [           main] j.LocalContainerEntityManagerFactoryBean : Initialized JPA EntityManagerFactory for persistence unit 'default'
2026-08-21T17:05:20.673+05:30  INFO 18448 --- [           main] eAuthenticationProviderManagerConfigurer : Global AuthenticationManager configured with AuthenticationProvider bean with name authenticationProvider
2026-08-21T17:05:20.673+05:30  WARN 18448 --- [           main] r$InitializeUserDetailsManagerConfigurer : Global AuthenticationManager configured with an AuthenticationProvider bean. UserDetailsService beans will not be used for username/password login. Consider removing the AuthenticationProvider bean. Alternatively, consider using the UserDetailsService in a manually instantiated DaoAuthenticationProvider.
2026-08-21T17:05:21.004+05:30  WARN 18448 --- [           main] JpaBaseConfiguration$JpaWebConfiguration : spring.jpa.open-in-view is enabled by default. Therefore, database queries may be performed during view rendering. Explicitly configure spring.jpa.open-in-view to disable this warning
2026-08-21T17:05:22.058+05:30  INFO 18448 --- [           main] o.s.b.t.m.w.SpringBootMockServletContext : Initializing Spring TestDispatcherServlet ''
2026-08-21T17:05:22.058+05:30  INFO 18448 --- [           main] o.s.t.web.servlet.TestDispatcherServlet  : Initializing Servlet ''
2026-08-21T17:05:22.058+05:30  INFO 18448 --- [           main] o.s.t.web.servlet.TestDispatcherServlet  : Completed initialization in 0 ms
2026-08-21T17:05:22.090+05:30  INFO 18448 --- [           main] c.n.p.AuthControllerIntegrationTest      : Started AuthControllerIntegrationTest in 3.012 seconds (process running for 11.448)
Hibernate: select r1_0.id,r1_0.name from roles r1_0 where r1_0.name=?
Hibernate: insert into roles (name,id) values (?,default)
Hibernate: select r1_0.id,r1_0.name from roles r1_0 where r1_0.name=?
Hibernate: insert into roles (name,id) values (?,default)
Hibernate: select r1_0.id,r1_0.name from roles r1_0 where r1_0.name=?
Hibernate: insert into roles (name,id) values (?,default)
Hibernate: select r1_0.id,r1_0.name from roles r1_0 where r1_0.name=?
Hibernate: insert into roles (name,id) values (?,default)
Hibernate: select u1_0.id from users u1_0 where u1_0.email=? fetch first ? rows only
Hibernate: select r1_0.id,r1_0.name from roles r1_0 where r1_0.name=?
Hibernate: insert into users (created_at,email,name,password,phone,status,updated_at,id) values (?,?,?,?,?,?,?,default)
Hibernate: insert into user_roles (user_id,role_id) values (?,?)
Hibernate: select u1_0.id,u1_0.created_at,u1_0.email,u1_0.name,u1_0.password,u1_0.phone,u1_0.status,u1_0.updated_at from users u1_0 where u1_0.email=?
Hibernate: select r1_0.user_id,r1_1.id,r1_1.name from user_roles r1_0 join roles r1_1 on r1_1.id=r1_0.role_id where r1_0.user_id=?
]]></system-out>
  </testcase>
  <testcase name="protectedEndpointWithValidTokenShouldSucceed" classname="com.nexora.phase3.AuthControllerIntegrationTest" time="0.279">
    <system-out><![CDATA[Hibernate: select u1_0.id from users u1_0 where u1_0.email=? fetch first ? rows only
Hibernate: select r1_0.id,r1_0.name from roles r1_0 where r1_0.name=?
Hibernate: insert into users (created_at,email,name,password,phone,status,updated_at,id) values (?,?,?,?,?,?,?,default)
Hibernate: insert into user_roles (user_id,role_id) values (?,?)
Hibernate: select u1_0.id,u1_0.created_at,u1_0.email,u1_0.name,u1_0.password,u1_0.phone,u1_0.status,u1_0.updated_at from users u1_0 where u1_0.email=?
Hibernate: select r1_0.user_id,r1_1.id,r1_1.name from user_roles r1_0 join roles r1_1 on r1_1.id=r1_0.role_id where r1_0.user_id=?
Hibernate: select u1_0.id,u1_0.created_at,u1_0.email,u1_0.name,u1_0.password,u1_0.phone,u1_0.status,u1_0.updated_at from users u1_0 where u1_0.email=?
Hibernate: select r1_0.user_id,r1_1.id,r1_1.name from user_roles r1_0 join roles r1_1 on r1_1.id=r1_0.role_id where r1_0.user_id=?
]]></system-out>
  </testcase>
  <testcase name="protectedEndpointWithInvalidTokenShouldReturn401" classname="com.nexora.phase3.AuthControllerIntegrationTest" time="0.0"/>
  <testcase name="protectedEndpointWithoutTokenShouldReturn401" classname="com.nexora.phase3.AuthControllerIntegrationTest" time="0.0"/>
  <testcase name="registerThenLoginShouldSucceed" classname="com.nexora.phase3.AuthControllerIntegrationTest" time="0.165">
    <system-out><![CDATA[Hibernate: select u1_0.id from users u1_0 where u1_0.email=? fetch first ? rows only
Hibernate: select r1_0.id,r1_0.name from roles r1_0 where r1_0.name=?
Hibernate: insert into users (created_at,email,name,password,phone,status,updated_at,id) values (?,?,?,?,?,?,?,default)
Hibernate: insert into user_roles (user_id,role_id) values (?,?)
Hibernate: select u1_0.id,u1_0.created_at,u1_0.email,u1_0.name,u1_0.password,u1_0.phone,u1_0.status,u1_0.updated_at from users u1_0 where u1_0.email=?
Hibernate: select r1_0.user_id,r1_1.id,r1_1.name from user_roles r1_0 join roles r1_1 on r1_1.id=r1_0.role_id where r1_0.user_id=?
]]></system-out>
  </testcase>
  <testcase name="loginWithUnknownEmailShouldFail" classname="com.nexora.phase3.AuthControllerIntegrationTest" time="0.084">
    <system-out><![CDATA[Hibernate: select u1_0.id,u1_0.created_at,u1_0.email,u1_0.name,u1_0.password,u1_0.phone,u1_0.status,u1_0.updated_at from users u1_0 where u1_0.email=?
]]></system-out>
  </testcase>
  <testcase name="registerWithDuplicateEmailShouldFail" classname="com.nexora.phase3.AuthControllerIntegrationTest" time="0.078">
    <system-out><![CDATA[Hibernate: select u1_0.id from users u1_0 where u1_0.email=? fetch first ? rows only
Hibernate: select r1_0.id,r1_0.name from roles r1_0 where r1_0.name=?
Hibernate: insert into users (created_at,email,name,password,phone,status,updated_at,id) values (?,?,?,?,?,?,?,default)
Hibernate: insert into user_roles (user_id,role_id) values (?,?)
Hibernate: select u1_0.id from users u1_0 where u1_0.email=? fetch first ? rows only
]]></system-out>
  </testcase>
</testsuite>